<?xml version="1.0" encoding="UTF-8"?>
<testsuite name="test_access_manager_tests.TestAccessManager-20210506180833" tests="1" file="test_access_manager_tests.py" time="0.000" timestamp="2021-05-06T18:08:33" failures="0" errors="0" skipped="0">
	<testcase classname="test_access_manager_tests.TestAccessManager" name="test_singleton_access_manager" time="0.000" timestamp="2021-05-06T18:08:33"/>
</testsuite>
