<?xml version="1.0" encoding="UTF-8"?>
<testsuite name="test_request_access_code_tests.MyTestCase-20210504120844" tests="1" file="test_request_access_code_tests.py" time="0.041" timestamp="2021-05-04T12:08:45" failures="0" errors="0" skipped="0">
	<testcase classname="test_request_access_code_tests.MyTestCase" name="test_parametrized_cases_tests" time="0.041" timestamp="2021-05-04T12:08:45"/>
</testsuite>
