<?xml version="1.0" encoding="UTF-8"?>
<testsuite name="test_get_access_key_tests.TestAccessManager-20210504133003" tests="1" file="test_get_access_key_tests.py" time="0.055" timestamp="2021-05-04T13:30:04" failures="0" errors="0" skipped="0">
	<testcase classname="test_get_access_key_tests.TestAccessManager" name="test_parametrized_cases_tests" time="0.055" timestamp="2021-05-04T13:30:04"/>
</testsuite>
