<?xml version="1.0" encoding="UTF-8"?>
<testsuite name="test_request_access_code_tests.MyTestCase-20210427120212" tests="1" file="test_request_access_code_tests.py" time="0.045" timestamp="2021-04-27T12:02:12" failures="0" errors="0" skipped="0">
	<testcase classname="test_request_access_code_tests.MyTestCase" name="test_parametrized_cases_tests" time="0.045" timestamp="2021-04-27T12:02:12"/>
</testsuite>
